<?xml version="1.0" encoding="UTF-8"?>
<!-- Generated by org.testng.reporters.JUnitReportReporter -->
<testsuite hostname="LAPTOP-BFL3PLL7" failures="0" tests="1" name="com.OFOS.HM.Admin.Testscripts.AddMenuToDashboardDishesSectionTest" time="5.185" errors="0" timestamp="2023-11-29T13:28:36 IST" skipped="0">
  <testcase classname="com.OFOS.HM.Admin.Testscripts.AddMenuToDashboardDishesSectionTest" name="addMenuToDashboardDishesSection" time="5.185"/>
  <system-out>
    <![CDATA[addMenuToDashboardDishesSection---Testscript execution starts from here---
addMenuToDashboardDishesSection---Testscript executed Successfully---]]>
  </system-out>
</testsuite> <!-- com.OFOS.HM.Admin.Testscripts.AddMenuToDashboardDishesSectionTest -->
