<?xml version="1.0" encoding="UTF-8"?>
<!-- Generated by org.testng.reporters.JUnitReportReporter -->
<testsuite hostname="LAPTOP-BFL3PLL7" failures="0" tests="1" name="com.OFOS.HM.User.Testscripts.OrderAndCancelOrderTest" time="6.008" errors="0" timestamp="2023-11-23T15:43:28 IST" skipped="0">
  <testcase classname="com.OFOS.HM.User.Testscripts.OrderAndCancelOrderTest" name="orderAndCancelOrder" time="6.008"/>
  <system-out>
    <![CDATA[orderAndCancelOrder---Testscript execution starts from here---
orderAndCancelOrder---Testscript execution starts from here---
orderAndCancelOrder---Testscript executed Successfully---
orderAndCancelOrder---Testscript executed Successfully---]]>
  </system-out>
</testsuite> <!-- com.OFOS.HM.User.Testscripts.OrderAndCancelOrderTest -->
