<?xml version="1.0" encoding="UTF-8"?>
<!-- Generated by org.testng.reporters.JUnitReportReporter -->
<testsuite hostname="LAPTOP-BFL3PLL7" failures="0" tests="1" name="com.OFOS.HM.User.Testscripts.AddResToUserResTabTest" time="12.783" errors="0" timestamp="2023-11-23T15:43:28 IST" skipped="0">
  <testcase classname="com.OFOS.HM.User.Testscripts.AddResToUserResTabTest" name="addResToUserResTab" time="12.783"/>
  <system-out>
    <![CDATA[addResToUserResTab---Testscript execution starts from here---
addResToUserResTab---Testscript execution starts from here---
addResToUserResTab---Testscript executed Successfully---
addResToUserResTab---Testscript executed Successfully---]]>
  </system-out>
</testsuite> <!-- com.OFOS.HM.User.Testscripts.AddResToUserResTabTest -->
