<?xml version="1.0" encoding="UTF-8"?>
<!-- Generated by org.testng.reporters.JUnitReportReporter -->
<testsuite hostname="LAPTOP-BFL3PLL7" failures="0" tests="1" name="com.OFOS.HM.Admin.Testscripts.AdminEditMenuTest" time="8.120" errors="0" timestamp="2023-11-23T15:43:28 IST" skipped="0">
  <testcase classname="com.OFOS.HM.Admin.Testscripts.AdminEditMenuTest" name="adminEditMenu" time="8.120"/>
  <system-out>
    <![CDATA[adminEditMenu---Testscript execution starts from here---
adminEditMenu---Testscript execution starts from here---
adminEditMenu---Testscript executed Successfully---
adminEditMenu---Testscript executed Successfully---]]>
  </system-out>
</testsuite> <!-- com.OFOS.HM.Admin.Testscripts.AdminEditMenuTest -->
