<?xml version="1.0" encoding="UTF-8"?>
<!-- Generated by org.testng.reporters.JUnitReportReporter -->
<testsuite hostname="LAPTOP-BFL3PLL7" failures="0" tests="1" name="com.OFOS.HM.Admin.Testscripts.AdminEditResToAllResTest" time="6.011" errors="0" timestamp="2023-11-23T15:43:28 IST" skipped="0">
  <testcase classname="com.OFOS.HM.Admin.Testscripts.AdminEditResToAllResTest" name="adminEditResToAllRes" time="6.011"/>
  <system-out>
    <![CDATA[adminEditResToAllRes---Testscript execution starts from here---
adminEditResToAllRes---Testscript execution starts from here---
adminEditResToAllRes---Testscript executed Successfully---
adminEditResToAllRes---Testscript executed Successfully---]]>
  </system-out>
</testsuite> <!-- com.OFOS.HM.Admin.Testscripts.AdminEditResToAllResTest -->
