<?xml version="1.0" encoding="UTF-8"?>
<!-- Generated by org.testng.reporters.JUnitReportReporter -->
<testsuite hostname="LAPTOP-BFL3PLL7" failures="0" tests="1" name="com.OFOS.HM.User.Testscripts.UserLoginTest" time="3.234" errors="0" timestamp="2023-11-23T15:43:59 IST" skipped="0">
  <testcase classname="com.OFOS.HM.User.Testscripts.UserLoginTest" name="userLogin" time="3.234"/>
  <system-out>
    <![CDATA[userLogin---Testscript execution starts from here---
userLogin---Testscript execution starts from here---
userLogin---Testscript executed Successfully---
userLogin---Testscript executed Successfully---]]>
  </system-out>
</testsuite> <!-- com.OFOS.HM.User.Testscripts.UserLoginTest -->
