<?xml version="1.0" encoding="UTF-8"?>
<!-- Generated by org.testng.reporters.JUnitReportReporter -->
<testsuite hostname="LAPTOP-BFL3PLL7" failures="0" tests="1" name="com.OFOS.HM.User.Testscripts.OrderDishesFromTwoResTest" time="5.106" errors="0" timestamp="2023-11-23T15:43:28 IST" skipped="0">
  <testcase classname="com.OFOS.HM.User.Testscripts.OrderDishesFromTwoResTest" name="orderDishesFromTwoRes" time="5.106"/>
  <system-out>
    <![CDATA[orderDishesFromTwoRes---Testscript execution starts from here---
orderDishesFromTwoRes---Testscript execution starts from here---
orderDishesFromTwoRes---Testscript executed Successfully---
orderDishesFromTwoRes---Testscript executed Successfully---]]>
  </system-out>
</testsuite> <!-- com.OFOS.HM.User.Testscripts.OrderDishesFromTwoResTest -->
